<?xml version="1.0" encoding="UTF-8"?>
<testng-results skipped="0" failed="0" total="3" passed="3">
  <reporter-output>
  </reporter-output>
  <suite name="Default suite" duration-ms="1823" started-at="2018-09-05T01:38:49Z" finished-at="2018-09-05T01:38:50Z">
    <groups>
    </groups>
    <test name="Default test" duration-ms="1823" started-at="2018-09-05T01:38:49Z" finished-at="2018-09-05T01:38:50Z">
      <class name="com.smart.chapter2.service.UserServiceTest">
        <test-method status="PASS" signature="springTestContextBeforeTestClass()[pri:0, instance:com.smart.chapter2.service.UserServiceTest@6aaceffd]" name="springTestContextBeforeTestClass" is-config="true" duration-ms="15" started-at="2018-09-05T09:38:49Z" finished-at="2018-09-05T09:38:49Z">
          <reporter-output>
          </reporter-output>
        </test-method> <!-- springTestContextBeforeTestClass -->
        <test-method status="PASS" signature="springTestContextPrepareTestInstance()[pri:0, instance:com.smart.chapter2.service.UserServiceTest@6aaceffd]" name="springTestContextPrepareTestInstance" is-config="true" duration-ms="1244" started-at="2018-09-05T09:38:49Z" depends-on-methods="org.springframework.test.context.testng.AbstractTestNGSpringContextTests.springTestContextBeforeTestClass" finished-at="2018-09-05T09:38:50Z">
          <reporter-output>
          </reporter-output>
        </test-method> <!-- springTestContextPrepareTestInstance -->
        <test-method status="PASS" signature="springTestContextBeforeTestMethod(java.lang.reflect.Method)[pri:0, instance:com.smart.chapter2.service.UserServiceTest@6aaceffd]" name="springTestContextBeforeTestMethod" is-config="true" duration-ms="391" started-at="2018-09-05T09:38:50Z" finished-at="2018-09-05T09:38:50Z">
          <params>
            <param index="0">
              <value>
                <![CDATA[public void com.smart.chapter2.service.UserServiceTest.findUserByUserName()]]>
              </value>
            </param>
          </params>
          <reporter-output>
          </reporter-output>
        </test-method> <!-- springTestContextBeforeTestMethod -->
        <test-method status="PASS" signature="findUserByUserName()[pri:0, instance:com.smart.chapter2.service.UserServiceTest@6aaceffd]" name="findUserByUserName" duration-ms="44" started-at="2018-09-05T09:38:50Z" finished-at="2018-09-05T09:38:50Z">
          <reporter-output>
          </reporter-output>
        </test-method> <!-- findUserByUserName -->
        <test-method status="PASS" signature="springTestContextAfterTestMethod(java.lang.reflect.Method)[pri:0, instance:com.smart.chapter2.service.UserServiceTest@6aaceffd]" name="springTestContextAfterTestMethod" is-config="true" duration-ms="24" started-at="2018-09-05T09:38:50Z" finished-at="2018-09-05T09:38:50Z">
          <params>
            <param index="0">
              <value>
                <![CDATA[public void com.smart.chapter2.service.UserServiceTest.findUserByUserName()]]>
              </value>
            </param>
          </params>
          <reporter-output>
          </reporter-output>
        </test-method> <!-- springTestContextAfterTestMethod -->
        <test-method status="PASS" signature="springTestContextBeforeTestMethod(java.lang.reflect.Method)[pri:0, instance:com.smart.chapter2.service.UserServiceTest@6aaceffd]" name="springTestContextBeforeTestMethod" is-config="true" duration-ms="5" started-at="2018-09-05T09:38:50Z" finished-at="2018-09-05T09:38:50Z">
          <params>
            <param index="0">
              <value>
                <![CDATA[public void com.smart.chapter2.service.UserServiceTest.hasMatchUer()]]>
              </value>
            </param>
          </params>
          <reporter-output>
          </reporter-output>
        </test-method> <!-- springTestContextBeforeTestMethod -->
        <test-method status="PASS" signature="hasMatchUer()[pri:0, instance:com.smart.chapter2.service.UserServiceTest@6aaceffd]" name="hasMatchUer" duration-ms="9" started-at="2018-09-05T09:38:50Z" finished-at="2018-09-05T09:38:50Z">
          <reporter-output>
          </reporter-output>
        </test-method> <!-- hasMatchUer -->
        <test-method status="PASS" signature="springTestContextAfterTestMethod(java.lang.reflect.Method)[pri:0, instance:com.smart.chapter2.service.UserServiceTest@6aaceffd]" name="springTestContextAfterTestMethod" is-config="true" duration-ms="4" started-at="2018-09-05T09:38:50Z" finished-at="2018-09-05T09:38:50Z">
          <params>
            <param index="0">
              <value>
                <![CDATA[public void com.smart.chapter2.service.UserServiceTest.hasMatchUer()]]>
              </value>
            </param>
          </params>
          <reporter-output>
          </reporter-output>
        </test-method> <!-- springTestContextAfterTestMethod -->
        <test-method status="PASS" signature="springTestContextBeforeTestMethod(java.lang.reflect.Method)[pri:0, instance:com.smart.chapter2.service.UserServiceTest@6aaceffd]" name="springTestContextBeforeTestMethod" is-config="true" duration-ms="4" started-at="2018-09-05T09:38:50Z" finished-at="2018-09-05T09:38:50Z">
          <params>
            <param index="0">
              <value>
                <![CDATA[public void com.smart.chapter2.service.UserServiceTest.testAddLoginLog()]]>
              </value>
            </param>
          </params>
          <reporter-output>
          </reporter-output>
        </test-method> <!-- springTestContextBeforeTestMethod -->
        <test-method status="PASS" signature="testAddLoginLog()[pri:0, instance:com.smart.chapter2.service.UserServiceTest@6aaceffd]" name="testAddLoginLog" duration-ms="40" started-at="2018-09-05T09:38:50Z" finished-at="2018-09-05T09:38:50Z">
          <reporter-output>
          </reporter-output>
        </test-method> <!-- testAddLoginLog -->
        <test-method status="PASS" signature="springTestContextAfterTestMethod(java.lang.reflect.Method)[pri:0, instance:com.smart.chapter2.service.UserServiceTest@6aaceffd]" name="springTestContextAfterTestMethod" is-config="true" duration-ms="17" started-at="2018-09-05T09:38:50Z" finished-at="2018-09-05T09:38:50Z">
          <params>
            <param index="0">
              <value>
                <![CDATA[public void com.smart.chapter2.service.UserServiceTest.testAddLoginLog()]]>
              </value>
            </param>
          </params>
          <reporter-output>
          </reporter-output>
        </test-method> <!-- springTestContextAfterTestMethod -->
        <test-method status="PASS" signature="springTestContextAfterTestClass()[pri:0, instance:com.smart.chapter2.service.UserServiceTest@6aaceffd]" name="springTestContextAfterTestClass" is-config="true" duration-ms="0" started-at="2018-09-05T09:38:50Z" finished-at="2018-09-05T09:38:50Z">
          <reporter-output>
          </reporter-output>
        </test-method> <!-- springTestContextAfterTestClass -->
      </class> <!-- com.smart.chapter2.service.UserServiceTest -->
    </test> <!-- Default test -->
  </suite> <!-- Default suite -->
</testng-results>
