<?xml version="1.0" encoding="UTF-8"?>
<!-- Generated by org.testng.reporters.JUnitXMLReporter -->
<testsuite hostname="localhost.localdomain" name="Default test" tests="3" failures="0" timestamp="5 Sep 2018 01:38:50 GMT" time="1.823" errors="0">
  <testcase name="findUserByUserName" time="0.044" classname="com.smart.chapter2.service.UserServiceTest"/>
  <testcase name="hasMatchUer" time="0.009" classname="com.smart.chapter2.service.UserServiceTest"/>
  <testcase name="testAddLoginLog" time="0.04" classname="com.smart.chapter2.service.UserServiceTest"/>
</testsuite> <!-- Default test -->
